Command line invocation:
    /Applications/Xcode.app/Contents/Developer/usr/bin/xcodebuild -workspace /Users/coqoa/Downloads/RN-APP/taptapcard/ios/taptapcard.xcworkspace -configuration Debug -scheme taptapcard -destination id=326B064E-8E3C-4772-A72F-84E47D15583A

User defaults from command line:
    IDEPackageSupportUseBuiltinSCM = YES

note: Using new build system
note: Planning
Analyze workspace

Create build description
Build description signature: 19ba6bc62942b9bfd54457d2563d942a
Build description path: /Users/coqoa/Library/Developer/Xcode/DerivedData/taptapcard-fvilyrfuddwelierelynajuzqbzp/Build/Intermediates.noindex/XCBuildData/19ba6bc62942b9bfd54457d2563d942a-desc.xcbuild

note: Build preparation complete
note: Building targets in dependency order
error: Multiple commands produce '/Users/coqoa/Library/Developer/Xcode/DerivedData/taptapcard-fvilyrfuddwelierelynajuzqbzp/Build/Products/Debug-iphonesimulator/app.app/GoogleService-Info.plist':
1) Target 'taptapcard' (project 'taptapcard') has copy command from '/Users/coqoa/Downloads/RN-APP/taptapcard/ios/GoogleService-Info.plist' to '/Users/coqoa/Library/Developer/Xcode/DerivedData/taptapcard-fvilyrfuddwelierelynajuzqbzp/Build/Products/Debug-iphonesimulator/app.app/GoogleService-Info.plist'
2) Target 'taptapcard' (project 'taptapcard') has copy command from '/Users/coqoa/Downloads/RN-APP/taptapcard/ios/taptapcard/GoogleService-Info.plist' to '/Users/coqoa/Library/Developer/Xcode/DerivedData/taptapcard-fvilyrfuddwelierelynajuzqbzp/Build/Products/Debug-iphonesimulator/app.app/GoogleService-Info.plist'

/Users/coqoa/Downloads/RN-APP/taptapcard/ios/Pods/Pods.xcodeproj: warning: The iOS Simulator deployment target 'IPHONEOS_DEPLOYMENT_TARGET' is set to 7.0, but the range of supported deployment target versions is 9.0 to 15.2.99. (in target 'gRPC-C++-gRPCCertificates-Cpp' from project 'Pods')
/Users/coqoa/Downloads/RN-APP/taptapcard/ios/Pods/Pods.xcodeproj: warning: The iOS Simulator deployment target 'IPHONEOS_DEPLOYMENT_TARGET' is set to 7.0, but the range of supported deployment target versions is 9.0 to 15.2.99. (in target 'gRPC-C++' from project 'Pods')
/Users/coqoa/Downloads/RN-APP/taptapcard/ios/Pods/Pods.xcodeproj: warning: The iOS Simulator deployment target 'IPHONEOS_DEPLOYMENT_TARGET' is set to 5.0, but the range of supported deployment target versions is 9.0 to 15.2.99. (in target 'leveldb-library' from project 'Pods')
/Users/coqoa/Downloads/RN-APP/taptapcard/ios/Pods/Pods.xcodeproj: warning: The iOS Simulator deployment target 'IPHONEOS_DEPLOYMENT_TARGET' is set to 8.0, but the range of supported deployment target versions is 9.0 to 15.2.99. (in target 'boost-for-react-native' from project 'Pods')
/Users/coqoa/Downloads/RN-APP/taptapcard/ios/Pods/Pods.xcodeproj: warning: The iOS Simulator deployment target 'IPHONEOS_DEPLOYMENT_TARGET' is set to 7.0, but the range of supported deployment target versions is 9.0 to 15.2.99. (in target 'abseil' from project 'Pods')
/Users/coqoa/Downloads/RN-APP/taptapcard/ios/Pods/Pods.xcodeproj: warning: The iOS Simulator deployment target 'IPHONEOS_DEPLOYMENT_TARGET' is set to 7.0, but the range of supported deployment target versions is 9.0 to 15.2.99. (in target 'gRPC-Core' from project 'Pods')
/Users/coqoa/Downloads/RN-APP/taptapcard/ios/Pods/Pods.xcodeproj: warning: The iOS Simulator deployment target 'IPHONEOS_DEPLOYMENT_TARGET' is set to 7.0, but the range of supported deployment target versions is 9.0 to 15.2.99. (in target 'BoringSSL-GRPC' from project 'Pods')
warning: duplicate output file '/Users/coqoa/Library/Developer/Xcode/DerivedData/taptapcard-fvilyrfuddwelierelynajuzqbzp/Build/Products/Debug-iphonesimulator/app.app/GoogleService-Info.plist' on task: CopyPlistFile /Users/coqoa/Library/Developer/Xcode/DerivedData/taptapcard-fvilyrfuddwelierelynajuzqbzp/Build/Products/Debug-iphonesimulator/app.app/GoogleService-Info.plist /Users/coqoa/Downloads/RN-APP/taptapcard/ios/taptapcard/GoogleService-Info.plist (in target 'taptapcard' from project 'taptapcard')
